<?xml version="1.0" encoding="UTF-8"?>
<!-- Generated by org.testng.reporters.JUnitReportReporter -->
<testsuite skipped="0" hostname="Ashwin-PC" name="com.fcrm.scripts.VerifyImplicitLoginLogout" tests="1" failures="0" timestamp="25 May 2018 20:37:36 GMT" time="13.415" errors="0">
  <testcase name="testImplicitLoginLogout" time="13.415" classname="com.fcrm.scripts.VerifyImplicitLoginLogout"/>
</testsuite> <!-- com.fcrm.scripts.VerifyImplicitLoginLogout -->
